<?xml version="1.0" encoding="UTF-8"?>
<testsuite name="com.withShoes.www.domain.posts.PostsRepositoryTest" tests="2" skipped="0" failures="0" errors="0" timestamp="2021-07-16T07:44:01" hostname="DESKTOP-S4HL0GH" time="0.039">
  <properties/>
  <testcase name="게시글저장_불러오기" classname="com.withShoes.www.domain.posts.PostsRepositoryTest" time="0.023"/>
  <testcase name="BaseTimeEntity_등록" classname="com.withShoes.www.domain.posts.PostsRepositoryTest" time="0.015"/>
  <system-out><![CDATA[2021-07-16 16:43:59.864  INFO 9752 --- [    Test worker] .b.t.c.SpringBootTestContextBootstrapper : Neither @ContextConfiguration nor @ContextHierarchy found for test class [com.withShoes.www.domain.posts.PostsRepositoryTest], using SpringBootContextLoader
2021-07-16 16:43:59.865  INFO 9752 --- [    Test worker] o.s.t.c.support.AbstractContextLoader    : Could not detect default resource locations for test class [com.withShoes.www.domain.posts.PostsRepositoryTest]: no resource found for suffixes {-context.xml, Context.groovy}.
2021-07-16 16:43:59.865  INFO 9752 --- [    Test worker] t.c.s.AnnotationConfigContextLoaderUtils : Could not detect default configuration classes for test class [com.withShoes.www.domain.posts.PostsRepositoryTest]: PostsRepositoryTest does not declare any static, non-private, non-final, nested classes annotated with @Configuration.
2021-07-16 16:43:59.874  INFO 9752 --- [    Test worker] .b.t.c.SpringBootTestContextBootstrapper : Found @SpringBootConfiguration com.withShoes.www.Application for test class com.withShoes.www.domain.posts.PostsRepositoryTest
2021-07-16 16:43:59.876  INFO 9752 --- [    Test worker] .b.t.c.SpringBootTestContextBootstrapper : Loaded default TestExecutionListener class names from location [META-INF/spring.factories]: [org.springframework.boot.test.autoconfigure.restdocs.RestDocsTestExecutionListener, org.springframework.boot.test.autoconfigure.web.client.MockRestServiceServerResetTestExecutionListener, org.springframework.boot.test.autoconfigure.web.servlet.MockMvcPrintOnlyOnFailureTestExecutionListener, org.springframework.boot.test.autoconfigure.web.servlet.WebDriverTestExecutionListener, org.springframework.boot.test.mock.mockito.MockitoTestExecutionListener, org.springframework.boot.test.mock.mockito.ResetMocksTestExecutionListener, org.springframework.test.context.web.ServletTestExecutionListener, org.springframework.test.context.support.DirtiesContextBeforeModesTestExecutionListener, org.springframework.test.context.support.DependencyInjectionTestExecutionListener, org.springframework.test.context.support.DirtiesContextTestExecutionListener, org.springframework.test.context.transaction.TransactionalTestExecutionListener, org.springframework.test.context.jdbc.SqlScriptsTestExecutionListener]
2021-07-16 16:43:59.876  INFO 9752 --- [    Test worker] .b.t.c.SpringBootTestContextBootstrapper : Using TestExecutionListeners: [org.springframework.test.context.web.ServletTestExecutionListener@31fcfb5d, org.springframework.test.context.support.DirtiesContextBeforeModesTestExecutionListener@60d480df, org.springframework.boot.test.mock.mockito.MockitoTestExecutionListener@66033f42, org.springframework.boot.test.autoconfigure.SpringBootDependencyInjectionTestExecutionListener@117da055, org.springframework.test.context.support.DirtiesContextTestExecutionListener@470d8734, org.springframework.test.context.transaction.TransactionalTestExecutionListener@39b3572, org.springframework.test.context.jdbc.SqlScriptsTestExecutionListener@7c1df36c, org.springframework.boot.test.autoconfigure.restdocs.RestDocsTestExecutionListener@1e9bb2, org.springframework.boot.test.autoconfigure.web.client.MockRestServiceServerResetTestExecutionListener@2b8198a2, org.springframework.boot.test.autoconfigure.web.servlet.MockMvcPrintOnlyOnFailureTestExecutionListener@71eb0805, org.springframework.boot.test.autoconfigure.web.servlet.WebDriverTestExecutionListener@627e13c7, org.springframework.boot.test.mock.mockito.ResetMocksTestExecutionListener@16c9d731]

  .   ____          _            __ _ _
 /\\ / ___'_ __ _ _(_)_ __  __ _ \ \ \ \
( ( )\___ | '_ | '_| | '_ \/ _` | \ \ \ \
 \\/  ___)| |_)| | | | | || (_| |  ) ) ) )
  '  |____| .__|_| |_|_| |_\__, | / / / /
 =========|_|==============|___/=/_/_/_/
 :: Spring Boot ::        (v2.1.9.RELEASE)

2021-07-16 16:43:59.909  INFO 9752 --- [    Test worker] c.w.w.domain.posts.PostsRepositoryTest   : Starting PostsRepositoryTest on DESKTOP-S4HL0GH with PID 9752 (started by com in D:\SpringBoot\withShoes)
2021-07-16 16:43:59.910  INFO 9752 --- [    Test worker] c.w.w.domain.posts.PostsRepositoryTest   : No active profile set, falling back to default profiles: default
2021-07-16 16:44:00.170  INFO 9752 --- [    Test worker] .s.d.r.c.RepositoryConfigurationDelegate : Bootstrapping Spring Data repositories in DEFAULT mode.
2021-07-16 16:44:00.208  INFO 9752 --- [    Test worker] .s.d.r.c.RepositoryConfigurationDelegate : Finished Spring Data repository scanning in 37ms. Found 1 repository interfaces.
2021-07-16 16:44:00.301  INFO 9752 --- [    Test worker] trationDelegate$BeanPostProcessorChecker : Bean 'org.springframework.transaction.annotation.ProxyTransactionManagementConfiguration' of type [org.springframework.transaction.annotation.ProxyTransactionManagementConfiguration$$EnhancerBySpringCGLIB$$cfc35e31] is not eligible for getting processed by all BeanPostProcessors (for example: not eligible for auto-proxying)
2021-07-16 16:44:00.410  INFO 9752 --- [    Test worker] com.zaxxer.hikari.HikariDataSource       : HikariPool-2 - Starting...
2021-07-16 16:44:00.411  INFO 9752 --- [    Test worker] com.zaxxer.hikari.HikariDataSource       : HikariPool-2 - Start completed.
2021-07-16 16:44:00.433  INFO 9752 --- [    Test worker] o.hibernate.jpa.internal.util.LogHelper  : HHH000204: Processing PersistenceUnitInfo [
	name: default
	...]
2021-07-16 16:44:00.440  INFO 9752 --- [    Test worker] org.hibernate.dialect.Dialect            : HHH000400: Using dialect: org.hibernate.dialect.MySQL5InnoDBDialect
Hibernate: drop table if exists posts
Hibernate: create table posts (id bigint not null auto_increment, created_date datetime, modified_date datetime, author varchar(255), content TEXT not null, title varchar(500) not null, primary key (id)) engine=InnoDB
2021-07-16 16:44:00.473  INFO 9752 --- [    Test worker] o.h.t.schema.internal.SchemaCreatorImpl  : HHH000476: Executing import script 'org.hibernate.tool.schema.internal.exec.ScriptSourceInputNonExistentImpl@6cb1b137'
2021-07-16 16:44:00.474  INFO 9752 --- [    Test worker] j.LocalContainerEntityManagerFactoryBean : Initialized JPA EntityManagerFactory for persistence unit 'default'
2021-07-16 16:44:00.934  INFO 9752 --- [    Test worker] o.s.s.concurrent.ThreadPoolTaskExecutor  : Initializing ExecutorService 'applicationTaskExecutor'
2021-07-16 16:44:00.951  WARN 9752 --- [    Test worker] aWebConfiguration$JpaWebMvcConfiguration : spring.jpa.open-in-view is enabled by default. Therefore, database queries may be performed during view rendering. Explicitly configure spring.jpa.open-in-view to disable this warning
2021-07-16 16:44:01.436  INFO 9752 --- [    Test worker] c.w.w.domain.posts.PostsRepositoryTest   : Started PostsRepositoryTest in 1.55 seconds (JVM running for 8.909)
Hibernate: insert into posts (created_date, modified_date, author, content, title) values (?, ?, ?, ?, ?)
2021-07-16 16:44:01.461  INFO 9752 --- [    Test worker] o.h.h.i.QueryTranslatorFactoryInitiator  : HHH000397: Using ASTQueryTranslatorFactory
Hibernate: select posts0_.id as id1_0_, posts0_.created_date as created_2_0_, posts0_.modified_date as modified3_0_, posts0_.author as author4_0_, posts0_.content as content5_0_, posts0_.title as title6_0_ from posts posts0_
Hibernate: select posts0_.id as id1_0_, posts0_.created_date as created_2_0_, posts0_.modified_date as modified3_0_, posts0_.author as author4_0_, posts0_.content as content5_0_, posts0_.title as title6_0_ from posts posts0_
Hibernate: delete from posts where id=?
Hibernate: insert into posts (created_date, modified_date, author, content, title) values (?, ?, ?, ?, ?)
Hibernate: select posts0_.id as id1_0_, posts0_.created_date as created_2_0_, posts0_.modified_date as modified3_0_, posts0_.author as author4_0_, posts0_.content as content5_0_, posts0_.title as title6_0_ from posts posts0_
>>>>>>>>> createDate=2021-07-16T16:44:01.475, modifiedDate=2021-07-16T16:44:01.475
Hibernate: select posts0_.id as id1_0_, posts0_.created_date as created_2_0_, posts0_.modified_date as modified3_0_, posts0_.author as author4_0_, posts0_.content as content5_0_, posts0_.title as title6_0_ from posts posts0_
Hibernate: delete from posts where id=?
]]></system-out>
  <system-err><![CDATA[]]></system-err>
</testsuite>
